mlockall failed:: Cannot allocate memory
00:00:00:000 INFO    - parseOpts(): The following ports will be used: Primary - 30001, Secondary - 30002, Matlab - 30003, RTDE - 30004, Primary_read_only - 30011, Secondary_read_only - 30012, Matlab_read_only - 30013.
URControl 5.1.29 [] G3 (19-06-2018, 08:47:05)
00:00:00:000 WARNING - loadCalibration: Error: Cannot open configuration file '/home/robot/workspaces/ur5_mpc_ursim/ursim-3.6.1.30595/.urcontrol/calibration.conf'. The file is corrupt or missing.
00:00:00:000 INFO    - ConfigurationManager::loadConfiguration: Loading urcontrol.conf from: /home/robot/workspaces/ur5_mpc_ursim/ursim-3.6.1.30595/.urcontrol/urcontrol.conf.

00:00:00:000 WARNING - readLastSeenJointPositions: Error: Cannot open configuration file '/home/robot/workspaces/ur5_mpc_ursim/ursim-3.6.1.30595/.urcontrol/.last_seen_joint_positions.conf'. The file is corrupt or missing..

00:00:00:000 WARNING - PThread::_start: SCHED_FIFO - Failed to set scheduling parameters for PThreadPool
Exception was caught in creating ModbusServer: ServerSocket: Socket::bind() failed.
You need root privileges to open a Modbus server at port 502
Perhaps use: "sudo setcap cap_net_bind_service+ep ./URControl"
00:00:00:000 WARNING - Cannot open /dev/urobot driver interface! FORCED simulation mode!
00:00:00:000 INFO    - ================================================
00:00:00:000 INFO    -  Simulation mode! 
00:00:00:000 INFO    - ================================================
00:00:00:000 WARNING - Cannot open /dev/urobot driver interface! FORCED simulation mode!
00:00:00:000 INFO    - ================================================
00:00:00:000 INFO    -  Simulation mode! 
00:00:00:000 INFO    - ================================================
00:00:00:000 INFO    - Send user CRC: 2588156642
00:00:00:000 INFO    - Send robot CRC: 3733819797
00:00:00:008 ERROR   - Socket::bind failed. Error_code = 13, Error_message = Permission denied
00:00:00:008 INFO    - scb_mode: DISCONNECTED -> RUNNING     
00:00:00:008 INFO    - robot_mode: BOOTING                  -> POWER OFF               
00:00:00:008 INFO    - New safety mode: SAFETY_MODE_NORMAL
00:00:00:008 INFO    - Runtime state change: from PROGRAM_STATE_STOPPING to PROGRAM_STATE_STOPPED
00:00:00:024 INFO    - robot_mode: POWER OFF                -> POWER ON                
00:00:00:032 INFO    - robot_mode: POWER ON                 -> IDLE                    
00:00:00:040 INFO    - robot_mode: IDLE                     -> RUNNING                 
00:00:02:200 INFO    - TCPServer: RTDE client connected
00:00:02:200 INFO    - RTDE: Client connected with protocol version: 2
00:00:02:208 INFO    - RTDE: Paused sending RT data
00:00:02:216 INFO    - RTDE: Started sending RT data
00:00:02:288 INFO    - CONFIRM_USER_SAFETY_PARAMETERS
00:01:16:080 INFO    - Runtime state change: from PROGRAM_STATE_STOPPED to PROGRAM_STATE_RUNNING
00:01:16:552 INFO    - Runtime state change: from PROGRAM_STATE_STOPPING to PROGRAM_STATE_STOPPED
00:01:16:664 INFO    - Runtime state change: from PROGRAM_STATE_STOPPED to PROGRAM_STATE_RUNNING
00:01:26:616 INFO    - Runtime state change: from PROGRAM_STATE_RUNNING to PROGRAM_STATE_STOPPED
00:01:27:184 INFO    - Runtime state change: from PROGRAM_STATE_STOPPED to PROGRAM_STATE_RUNNING
00:01:27:200 INFO    - Runtime state change: from PROGRAM_STATE_RUNNING to PROGRAM_STATE_STOPPED
00:01:35:160 INFO    - Runtime state change: from PROGRAM_STATE_STOPPED to PROGRAM_STATE_RUNNING
00:01:35:872 INFO    - Runtime state change: from PROGRAM_STATE_RUNNING to PROGRAM_STATE_STOPPED
00:01:38:656 INFO    - Runtime state change: from PROGRAM_STATE_STOPPED to PROGRAM_STATE_RUNNING
00:01:39:120 INFO    - Runtime state change: from PROGRAM_STATE_RUNNING to PROGRAM_STATE_STOPPED
00:01:40:240 INFO    - Runtime state change: from PROGRAM_STATE_STOPPED to PROGRAM_STATE_RUNNING
00:01:41:936 INFO    - Runtime state change: from PROGRAM_STATE_RUNNING to PROGRAM_STATE_STOPPED
00:01:42:168 INFO    - Runtime state change: from PROGRAM_STATE_STOPPED to PROGRAM_STATE_RUNNING
00:01:42:864 INFO    - Runtime state change: from PROGRAM_STATE_RUNNING to PROGRAM_STATE_STOPPED
00:01:43:336 INFO    - Runtime state change: from PROGRAM_STATE_STOPPED to PROGRAM_STATE_RUNNING
00:01:47:768 INFO    - Runtime state change: from PROGRAM_STATE_RUNNING to PROGRAM_STATE_STOPPED
00:01:48:064 INFO    - Runtime state change: from PROGRAM_STATE_STOPPED to PROGRAM_STATE_RUNNING
00:01:48:448 INFO    - Runtime state change: from PROGRAM_STATE_RUNNING to PROGRAM_STATE_STOPPED
00:01:50:256 INFO    - Runtime state change: from PROGRAM_STATE_STOPPED to PROGRAM_STATE_RUNNING
00:01:50:936 INFO    - Runtime state change: from PROGRAM_STATE_RUNNING to PROGRAM_STATE_STOPPED
00:01:56:976 INFO    - Runtime state change: from PROGRAM_STATE_STOPPED to PROGRAM_STATE_RUNNING
00:01:57:944 INFO    - Runtime state change: from PROGRAM_STATE_RUNNING to PROGRAM_STATE_STOPPED
00:01:58:504 INFO    - Runtime state change: from PROGRAM_STATE_STOPPED to PROGRAM_STATE_RUNNING
00:02:01:400 INFO    - Runtime state change: from PROGRAM_STATE_RUNNING to PROGRAM_STATE_STOPPED
00:02:02:464 INFO    - Runtime state change: from PROGRAM_STATE_STOPPED to PROGRAM_STATE_RUNNING
00:02:03:488 INFO    - Runtime state change: from PROGRAM_STATE_RUNNING to PROGRAM_STATE_STOPPED
00:02:04:224 INFO    - Runtime state change: from PROGRAM_STATE_STOPPED to PROGRAM_STATE_RUNNING
00:02:04:952 INFO    - Runtime state change: from PROGRAM_STATE_RUNNING to PROGRAM_STATE_STOPPED
00:02:05:208 INFO    - Runtime state change: from PROGRAM_STATE_STOPPED to PROGRAM_STATE_RUNNING
00:02:05:632 INFO    - Runtime state change: from PROGRAM_STATE_RUNNING to PROGRAM_STATE_STOPPED
00:02:05:840 INFO    - Runtime state change: from PROGRAM_STATE_STOPPED to PROGRAM_STATE_RUNNING
00:02:05:968 INFO    - Runtime state change: from PROGRAM_STATE_RUNNING to PROGRAM_STATE_STOPPED
00:02:06:104 INFO    - Runtime state change: from PROGRAM_STATE_STOPPED to PROGRAM_STATE_RUNNING
00:02:06:216 INFO    - Runtime state change: from PROGRAM_STATE_RUNNING to PROGRAM_STATE_STOPPED
00:02:06:328 INFO    - Runtime state change: from PROGRAM_STATE_STOPPED to PROGRAM_STATE_RUNNING
00:02:06:416 INFO    - Runtime state change: from PROGRAM_STATE_RUNNING to PROGRAM_STATE_STOPPED
00:02:06:584 INFO    - Runtime state change: from PROGRAM_STATE_STOPPED to PROGRAM_STATE_RUNNING
00:02:07:016 INFO    - Runtime state change: from PROGRAM_STATE_RUNNING to PROGRAM_STATE_STOPPED
00:02:07:896 INFO    - Runtime state change: from PROGRAM_STATE_STOPPED to PROGRAM_STATE_RUNNING
00:02:08:496 INFO    - Runtime state change: from PROGRAM_STATE_RUNNING to PROGRAM_STATE_STOPPED
00:02:09:360 INFO    - Runtime state change: from PROGRAM_STATE_STOPPED to PROGRAM_STATE_RUNNING
00:02:09:968 INFO    - Runtime state change: from PROGRAM_STATE_RUNNING to PROGRAM_STATE_STOPPED
00:02:10:144 INFO    - Runtime state change: from PROGRAM_STATE_STOPPED to PROGRAM_STATE_RUNNING
00:02:10:272 INFO    - Runtime state change: from PROGRAM_STATE_RUNNING to PROGRAM_STATE_STOPPED
00:02:10:320 INFO    - Runtime state change: from PROGRAM_STATE_STOPPED to PROGRAM_STATE_RUNNING
00:02:10:480 INFO    - Runtime state change: from PROGRAM_STATE_RUNNING to PROGRAM_STATE_STOPPING
00:02:10:496 INFO    - Runtime state change: from PROGRAM_STATE_STOPPING to PROGRAM_STATE_STOPPED
00:02:10:592 INFO    - Runtime state change: from PROGRAM_STATE_STOPPED to PROGRAM_STATE_RUNNING
00:02:10:600 INFO    - Runtime state change: from PROGRAM_STATE_RUNNING to PROGRAM_STATE_STOPPED
00:02:10:664 INFO    - Runtime state change: from PROGRAM_STATE_STOPPED to PROGRAM_STATE_RUNNING
00:02:10:776 INFO    - Runtime state change: from PROGRAM_STATE_RUNNING to PROGRAM_STATE_STOPPED
00:02:10:832 INFO    - Runtime state change: from PROGRAM_STATE_STOPPED to PROGRAM_STATE_RUNNING
00:02:11:464 INFO    - Runtime state change: from PROGRAM_STATE_RUNNING to PROGRAM_STATE_STOPPED
00:02:12:200 INFO    - Runtime state change: from PROGRAM_STATE_STOPPED to PROGRAM_STATE_RUNNING
00:02:12:976 INFO    - Runtime state change: from PROGRAM_STATE_RUNNING to PROGRAM_STATE_STOPPED
00:02:13:552 INFO    - Runtime state change: from PROGRAM_STATE_STOPPED to PROGRAM_STATE_RUNNING
00:02:15:352 INFO    - Runtime state change: from PROGRAM_STATE_RUNNING to PROGRAM_STATE_STOPPED
00:02:15:448 INFO    - Runtime state change: from PROGRAM_STATE_STOPPED to PROGRAM_STATE_RUNNING
00:02:16:192 INFO    - Runtime state change: from PROGRAM_STATE_RUNNING to PROGRAM_STATE_STOPPED
00:02:16:784 INFO    - Runtime state change: from PROGRAM_STATE_STOPPED to PROGRAM_STATE_RUNNING
00:02:17:456 INFO    - Runtime state change: from PROGRAM_STATE_RUNNING to PROGRAM_STATE_STOPPED
00:02:19:656 INFO    - Runtime state change: from PROGRAM_STATE_STOPPED to PROGRAM_STATE_RUNNING
00:02:20:424 INFO    - Runtime state change: from PROGRAM_STATE_RUNNING to PROGRAM_STATE_STOPPED
00:02:20:640 INFO    - Runtime state change: from PROGRAM_STATE_STOPPED to PROGRAM_STATE_RUNNING
00:02:21:192 INFO    - Runtime state change: from PROGRAM_STATE_RUNNING to PROGRAM_STATE_STOPPED
00:02:29:488 INFO    - Runtime state change: from PROGRAM_STATE_STOPPED to PROGRAM_STATE_RUNNING
00:02:30:264 INFO    - Runtime state change: from PROGRAM_STATE_RUNNING to PROGRAM_STATE_STOPPED
00:02:31:416 INFO    - Runtime state change: from PROGRAM_STATE_STOPPED to PROGRAM_STATE_RUNNING
00:02:33:512 INFO    - Runtime state change: from PROGRAM_STATE_RUNNING to PROGRAM_STATE_STOPPED
00:02:34:360 INFO    - Runtime state change: from PROGRAM_STATE_STOPPED to PROGRAM_STATE_RUNNING
00:02:35:256 INFO    - Runtime state change: from PROGRAM_STATE_RUNNING to PROGRAM_STATE_STOPPED
00:02:35:864 INFO    - Runtime state change: from PROGRAM_STATE_STOPPED to PROGRAM_STATE_RUNNING
00:02:36:408 INFO    - Runtime state change: from PROGRAM_STATE_RUNNING to PROGRAM_STATE_STOPPED
00:02:36:976 INFO    - Runtime state change: from PROGRAM_STATE_STOPPED to PROGRAM_STATE_RUNNING
00:02:37:168 INFO    - Runtime state change: from PROGRAM_STATE_RUNNING to PROGRAM_STATE_STOPPED
00:02:38:048 INFO    - Runtime state change: from PROGRAM_STATE_STOPPED to PROGRAM_STATE_RUNNING
00:02:38:512 INFO    - Runtime state change: from PROGRAM_STATE_RUNNING to PROGRAM_STATE_STOPPED
00:02:39:296 INFO    - Runtime state change: from PROGRAM_STATE_STOPPED to PROGRAM_STATE_RUNNING
00:02:39:912 INFO    - Runtime state change: from PROGRAM_STATE_RUNNING to PROGRAM_STATE_STOPPED
00:02:40:808 INFO    - Runtime state change: from PROGRAM_STATE_STOPPED to PROGRAM_STATE_RUNNING
00:02:42:640 INFO    - Runtime state change: from PROGRAM_STATE_RUNNING to PROGRAM_STATE_STOPPED
00:02:42:912 INFO    - Runtime state change: from PROGRAM_STATE_STOPPED to PROGRAM_STATE_RUNNING
00:02:43:424 INFO    - Runtime state change: from PROGRAM_STATE_RUNNING to PROGRAM_STATE_STOPPED
00:02:43:704 INFO    - Runtime state change: from PROGRAM_STATE_STOPPED to PROGRAM_STATE_RUNNING
00:02:44:192 INFO    - Runtime state change: from PROGRAM_STATE_RUNNING to PROGRAM_STATE_STOPPED
00:02:45:112 INFO    - Runtime state change: from PROGRAM_STATE_STOPPED to PROGRAM_STATE_RUNNING
00:02:46:552 INFO    - Runtime state change: from PROGRAM_STATE_RUNNING to PROGRAM_STATE_STOPPED
00:02:46:752 INFO    - Runtime state change: from PROGRAM_STATE_STOPPED to PROGRAM_STATE_RUNNING
00:02:47:392 INFO    - Runtime state change: from PROGRAM_STATE_RUNNING to PROGRAM_STATE_STOPPED
00:02:47:848 INFO    - Runtime state change: from PROGRAM_STATE_STOPPED to PROGRAM_STATE_RUNNING
00:02:50:072 INFO    - Runtime state change: from PROGRAM_STATE_RUNNING to PROGRAM_STATE_STOPPED
00:02:50:808 INFO    - Runtime state change: from PROGRAM_STATE_STOPPED to PROGRAM_STATE_RUNNING
00:02:53:048 INFO    - Runtime state change: from PROGRAM_STATE_RUNNING to PROGRAM_STATE_STOPPED
00:04:06:032 INFO    - Runtime state change: from PROGRAM_STATE_STOPPED to PROGRAM_STATE_RUNNING
00:04:06:688 INFO    - Runtime state change: from PROGRAM_STATE_RUNNING to PROGRAM_STATE_STOPPED
00:04:07:344 INFO    - Runtime state change: from PROGRAM_STATE_STOPPED to PROGRAM_STATE_RUNNING
00:04:08:008 INFO    - Runtime state change: from PROGRAM_STATE_RUNNING to PROGRAM_STATE_STOPPED
00:04:08:120 INFO    - Runtime state change: from PROGRAM_STATE_STOPPED to PROGRAM_STATE_RUNNING
00:04:09:224 INFO    - Runtime state change: from PROGRAM_STATE_RUNNING to PROGRAM_STATE_STOPPED
00:04:22:000 INFO    - Runtime state change: from PROGRAM_STATE_STOPPED to PROGRAM_STATE_RUNNING
00:04:23:104 INFO    - Runtime state change: from PROGRAM_STATE_RUNNING to PROGRAM_STATE_STOPPED
00:04:23:296 INFO    - Runtime state change: from PROGRAM_STATE_STOPPED to PROGRAM_STATE_RUNNING
00:04:23:920 INFO    - Runtime state change: from PROGRAM_STATE_RUNNING to PROGRAM_STATE_STOPPED
00:04:24:472 INFO    - Runtime state change: from PROGRAM_STATE_STOPPED to PROGRAM_STATE_RUNNING
00:04:26:712 INFO    - Runtime state change: from PROGRAM_STATE_RUNNING to PROGRAM_STATE_STOPPED
00:04:26:776 INFO    - Runtime state change: from PROGRAM_STATE_STOPPED to PROGRAM_STATE_RUNNING
00:04:27:512 INFO    - Runtime state change: from PROGRAM_STATE_RUNNING to PROGRAM_STATE_STOPPED
00:04:28:120 INFO    - Runtime state change: from PROGRAM_STATE_STOPPED to PROGRAM_STATE_RUNNING
00:04:28:896 INFO    - Runtime state change: from PROGRAM_STATE_RUNNING to PROGRAM_STATE_STOPPED
00:04:31:688 INFO    - Runtime state change: from PROGRAM_STATE_STOPPED to PROGRAM_STATE_RUNNING
00:04:34:608 INFO    - Runtime state change: from PROGRAM_STATE_RUNNING to PROGRAM_STATE_STOPPED
00:04:34:760 INFO    - Runtime state change: from PROGRAM_STATE_STOPPED to PROGRAM_STATE_RUNNING
00:04:35:368 INFO    - Runtime state change: from PROGRAM_STATE_RUNNING to PROGRAM_STATE_STOPPED
00:04:35:616 INFO    - Runtime state change: from PROGRAM_STATE_STOPPED to PROGRAM_STATE_RUNNING
00:04:36:128 INFO    - Runtime state change: from PROGRAM_STATE_RUNNING to PROGRAM_STATE_STOPPED
00:04:36:728 INFO    - Runtime state change: from PROGRAM_STATE_STOPPED to PROGRAM_STATE_RUNNING
00:04:41:384 INFO    - Runtime state change: from PROGRAM_STATE_RUNNING to PROGRAM_STATE_STOPPED
00:04:47:384 INFO    - Runtime state change: from PROGRAM_STATE_STOPPED to PROGRAM_STATE_RUNNING
00:04:48:088 INFO    - Runtime state change: from PROGRAM_STATE_RUNNING to PROGRAM_STATE_STOPPED
00:04:50:200 INFO    - Runtime state change: from PROGRAM_STATE_STOPPED to PROGRAM_STATE_RUNNING
00:04:51:920 INFO    - Runtime state change: from PROGRAM_STATE_RUNNING to PROGRAM_STATE_STOPPED
00:04:52:720 INFO    - Runtime state change: from PROGRAM_STATE_STOPPED to PROGRAM_STATE_RUNNING
00:04:53:728 INFO    - Runtime state change: from PROGRAM_STATE_RUNNING to PROGRAM_STATE_STOPPED
00:04:54:384 INFO    - Runtime state change: from PROGRAM_STATE_STOPPED to PROGRAM_STATE_RUNNING
00:04:55:096 INFO    - Runtime state change: from PROGRAM_STATE_RUNNING to PROGRAM_STATE_STOPPED
00:04:55:760 INFO    - Runtime state change: from PROGRAM_STATE_STOPPED to PROGRAM_STATE_RUNNING
00:04:57:048 INFO    - Runtime state change: from PROGRAM_STATE_RUNNING to PROGRAM_STATE_STOPPED
00:04:57:392 INFO    - Runtime state change: from PROGRAM_STATE_STOPPED to PROGRAM_STATE_RUNNING
00:04:57:936 INFO    - Runtime state change: from PROGRAM_STATE_RUNNING to PROGRAM_STATE_STOPPED
00:05:06:208 INFO    - Runtime state change: from PROGRAM_STATE_STOPPED to PROGRAM_STATE_RUNNING
00:05:07:032 INFO    - Runtime state change: from PROGRAM_STATE_RUNNING to PROGRAM_STATE_STOPPED
00:05:07:960 INFO    - Runtime state change: from PROGRAM_STATE_STOPPED to PROGRAM_STATE_RUNNING
00:05:10:264 INFO    - Runtime state change: from PROGRAM_STATE_RUNNING to PROGRAM_STATE_STOPPED
00:05:11:464 INFO    - Runtime state change: from PROGRAM_STATE_STOPPED to PROGRAM_STATE_RUNNING
00:05:12:288 INFO    - Runtime state change: from PROGRAM_STATE_RUNNING to PROGRAM_STATE_STOPPED
00:05:12:656 INFO    - Runtime state change: from PROGRAM_STATE_STOPPED to PROGRAM_STATE_RUNNING
00:05:13:072 INFO    - Runtime state change: from PROGRAM_STATE_RUNNING to PROGRAM_STATE_STOPPED
00:05:13:424 INFO    - Runtime state change: from PROGRAM_STATE_STOPPED to PROGRAM_STATE_RUNNING
00:05:14:672 INFO    - Runtime state change: from PROGRAM_STATE_RUNNING to PROGRAM_STATE_STOPPED
00:05:15:864 INFO    - Runtime state change: from PROGRAM_STATE_STOPPED to PROGRAM_STATE_RUNNING
00:05:16:856 INFO    - Runtime state change: from PROGRAM_STATE_RUNNING to PROGRAM_STATE_STOPPED
00:05:17:328 INFO    - Runtime state change: from PROGRAM_STATE_STOPPED to PROGRAM_STATE_RUNNING
00:05:17:816 INFO    - Runtime state change: from PROGRAM_STATE_RUNNING to PROGRAM_STATE_STOPPED
00:05:54:224 INFO    - Runtime state change: from PROGRAM_STATE_STOPPED to PROGRAM_STATE_RUNNING
00:05:54:496 INFO    - Runtime state change: from PROGRAM_STATE_RUNNING to PROGRAM_STATE_STOPPED
00:05:55:312 INFO    - Runtime state change: from PROGRAM_STATE_STOPPED to PROGRAM_STATE_RUNNING
00:05:56:280 INFO    - Runtime state change: from PROGRAM_STATE_RUNNING to PROGRAM_STATE_STOPPED
00:05:57:160 INFO    - Runtime state change: from PROGRAM_STATE_STOPPED to PROGRAM_STATE_RUNNING
00:05:59:024 INFO    - Runtime state change: from PROGRAM_STATE_RUNNING to PROGRAM_STATE_STOPPED
00:05:59:240 INFO    - Runtime state change: from PROGRAM_STATE_STOPPED to PROGRAM_STATE_RUNNING
00:06:00:160 INFO    - Runtime state change: from PROGRAM_STATE_RUNNING to PROGRAM_STATE_STOPPED
00:06:00:392 INFO    - Runtime state change: from PROGRAM_STATE_STOPPED to PROGRAM_STATE_RUNNING
00:06:00:616 INFO    - Runtime state change: from PROGRAM_STATE_RUNNING to PROGRAM_STATE_STOPPED
00:06:00:840 INFO    - Runtime state change: from PROGRAM_STATE_STOPPED to PROGRAM_STATE_RUNNING
00:06:02:784 INFO    - Runtime state change: from PROGRAM_STATE_RUNNING to PROGRAM_STATE_STOPPED
00:06:03:256 INFO    - Runtime state change: from PROGRAM_STATE_STOPPED to PROGRAM_STATE_RUNNING
00:06:04:456 INFO    - Runtime state change: from PROGRAM_STATE_RUNNING to PROGRAM_STATE_STOPPING
00:06:04:624 INFO    - Runtime state change: from PROGRAM_STATE_STOPPING to PROGRAM_STATE_STOPPED
00:06:04:640 INFO    - Runtime state change: from PROGRAM_STATE_STOPPED to PROGRAM_STATE_RUNNING
00:06:06:144 INFO    - Runtime state change: from PROGRAM_STATE_RUNNING to PROGRAM_STATE_STOPPED
00:06:06:592 INFO    - Runtime state change: from PROGRAM_STATE_STOPPED to PROGRAM_STATE_RUNNING
00:06:09:352 INFO    - Runtime state change: from PROGRAM_STATE_RUNNING to PROGRAM_STATE_STOPPED
00:06:09:576 INFO    - Runtime state change: from PROGRAM_STATE_STOPPED to PROGRAM_STATE_RUNNING
00:06:09:928 INFO    - Runtime state change: from PROGRAM_STATE_RUNNING to PROGRAM_STATE_STOPPED
00:06:10:776 INFO    - Runtime state change: from PROGRAM_STATE_STOPPED to PROGRAM_STATE_RUNNING
00:06:11:552 INFO    - Runtime state change: from PROGRAM_STATE_RUNNING to PROGRAM_STATE_STOPPED
00:06:12:104 INFO    - Runtime state change: from PROGRAM_STATE_STOPPED to PROGRAM_STATE_RUNNING
00:06:13:672 INFO    - Runtime state change: from PROGRAM_STATE_RUNNING to PROGRAM_STATE_STOPPED
00:06:14:000 INFO    - Runtime state change: from PROGRAM_STATE_STOPPED to PROGRAM_STATE_RUNNING
00:06:14:560 INFO    - Runtime state change: from PROGRAM_STATE_RUNNING to PROGRAM_STATE_STOPPED
00:06:16:320 INFO    - Runtime state change: from PROGRAM_STATE_STOPPED to PROGRAM_STATE_RUNNING
00:06:17:184 INFO    - Runtime state change: from PROGRAM_STATE_RUNNING to PROGRAM_STATE_STOPPED
00:06:17:640 INFO    - Runtime state change: from PROGRAM_STATE_STOPPED to PROGRAM_STATE_RUNNING
00:06:19:320 INFO    - Runtime state change: from PROGRAM_STATE_RUNNING to PROGRAM_STATE_STOPPED
00:06:19:632 INFO    - Runtime state change: from PROGRAM_STATE_STOPPED to PROGRAM_STATE_RUNNING
00:06:20:632 INFO    - Runtime state change: from PROGRAM_STATE_RUNNING to PROGRAM_STATE_STOPPED
00:06:21:200 INFO    - Runtime state change: from PROGRAM_STATE_STOPPED to PROGRAM_STATE_RUNNING
00:06:22:088 INFO    - Runtime state change: from PROGRAM_STATE_RUNNING to PROGRAM_STATE_STOPPED
00:06:23:728 INFO    - Runtime state change: from PROGRAM_STATE_STOPPED to PROGRAM_STATE_RUNNING
00:06:24:384 INFO    - Runtime state change: from PROGRAM_STATE_RUNNING to PROGRAM_STATE_STOPPED
00:06:35:992 INFO    - Runtime state change: from PROGRAM_STATE_STOPPED to PROGRAM_STATE_RUNNING
00:06:36:728 INFO    - Runtime state change: from PROGRAM_STATE_RUNNING to PROGRAM_STATE_STOPPED
00:06:37:472 INFO    - Runtime state change: from PROGRAM_STATE_STOPPED to PROGRAM_STATE_RUNNING
00:06:38:392 INFO    - Runtime state change: from PROGRAM_STATE_RUNNING to PROGRAM_STATE_STOPPED
00:06:38:712 INFO    - Runtime state change: from PROGRAM_STATE_STOPPED to PROGRAM_STATE_RUNNING
00:06:38:824 INFO    - Runtime state change: from PROGRAM_STATE_RUNNING to PROGRAM_STATE_STOPPED
00:06:39:184 INFO    - Runtime state change: from PROGRAM_STATE_STOPPED to PROGRAM_STATE_RUNNING
00:06:39:272 INFO    - Runtime state change: from PROGRAM_STATE_RUNNING to PROGRAM_STATE_STOPPED
00:06:39:360 INFO    - Runtime state change: from PROGRAM_STATE_STOPPED to PROGRAM_STATE_RUNNING
00:06:39:440 INFO    - Runtime state change: from PROGRAM_STATE_RUNNING to PROGRAM_STATE_STOPPED
00:06:39:640 INFO    - Runtime state change: from PROGRAM_STATE_STOPPED to PROGRAM_STATE_RUNNING
00:06:39:728 INFO    - Runtime state change: from PROGRAM_STATE_RUNNING to PROGRAM_STATE_STOPPED
00:06:39:792 INFO    - Runtime state change: from PROGRAM_STATE_STOPPED to PROGRAM_STATE_RUNNING
00:06:39:888 INFO    - Runtime state change: from PROGRAM_STATE_RUNNING to PROGRAM_STATE_STOPPED
00:06:39:936 INFO    - Runtime state change: from PROGRAM_STATE_STOPPED to PROGRAM_STATE_RUNNING
00:06:40:056 INFO    - Runtime state change: from PROGRAM_STATE_RUNNING to PROGRAM_STATE_STOPPED
00:06:40:088 INFO    - Runtime state change: from PROGRAM_STATE_STOPPED to PROGRAM_STATE_RUNNING
00:06:40:200 INFO    - Runtime state change: from PROGRAM_STATE_RUNNING to PROGRAM_STATE_STOPPED
00:06:40:232 INFO    - Runtime state change: from PROGRAM_STATE_STOPPED to PROGRAM_STATE_RUNNING
00:06:40:344 INFO    - Runtime state change: from PROGRAM_STATE_RUNNING to PROGRAM_STATE_STOPPED
00:06:40:376 INFO    - Runtime state change: from PROGRAM_STATE_STOPPED to PROGRAM_STATE_RUNNING
00:06:40:504 INFO    - Runtime state change: from PROGRAM_STATE_RUNNING to PROGRAM_STATE_STOPPED
00:06:40:520 INFO    - Runtime state change: from PROGRAM_STATE_STOPPED to PROGRAM_STATE_RUNNING
00:06:40:632 INFO    - Runtime state change: from PROGRAM_STATE_RUNNING to PROGRAM_STATE_STOPPED
00:06:40:680 INFO    - Runtime state change: from PROGRAM_STATE_STOPPED to PROGRAM_STATE_RUNNING
00:06:40:800 INFO    - Runtime state change: from PROGRAM_STATE_RUNNING to PROGRAM_STATE_STOPPED
00:06:40:832 INFO    - Runtime state change: from PROGRAM_STATE_STOPPED to PROGRAM_STATE_RUNNING
00:06:40:928 INFO    - Runtime state change: from PROGRAM_STATE_RUNNING to PROGRAM_STATE_STOPPED
00:07:34:656 INFO    - Runtime state change: from PROGRAM_STATE_STOPPED to PROGRAM_STATE_RUNNING
00:07:35:528 INFO    - Runtime state change: from PROGRAM_STATE_RUNNING to PROGRAM_STATE_STOPPED
00:07:36:064 INFO    - Runtime state change: from PROGRAM_STATE_STOPPED to PROGRAM_STATE_RUNNING
00:07:38:056 INFO    - Runtime state change: from PROGRAM_STATE_RUNNING to PROGRAM_STATE_STOPPED
00:07:38:256 INFO    - Runtime state change: from PROGRAM_STATE_STOPPED to PROGRAM_STATE_RUNNING
00:07:38:792 INFO    - Runtime state change: from PROGRAM_STATE_RUNNING to PROGRAM_STATE_STOPPED
00:07:47:376 INFO    - Runtime state change: from PROGRAM_STATE_STOPPED to PROGRAM_STATE_RUNNING
00:07:51:880 INFO    - Runtime state change: from PROGRAM_STATE_RUNNING to PROGRAM_STATE_STOPPED
00:07:52:016 INFO    - Runtime state change: from PROGRAM_STATE_STOPPED to PROGRAM_STATE_RUNNING
00:07:52:344 INFO    - Runtime state change: from PROGRAM_STATE_RUNNING to PROGRAM_STATE_STOPPED
00:07:52:384 INFO    - Runtime state change: from PROGRAM_STATE_STOPPED to PROGRAM_STATE_RUNNING
00:07:52:600 INFO    - Runtime state change: from PROGRAM_STATE_RUNNING to PROGRAM_STATE_STOPPING
00:07:52:768 INFO    - Runtime state change: from PROGRAM_STATE_STOPPING to PROGRAM_STATE_STOPPED
00:12:21:720 ERROR   - MultiTCPSender send: ServerSocket: Socket::sendall() failed.
00:12:21:720 ERROR   - TCPReceiver closed (exception caught): ServerSocket: Socket::recv() failed.
00:13:33:360 ERROR   - TCPReceiver closed (exception caught): ServerSocket: Socket::recv() failed.
00:15:31:104 INFO    - Runtime state change: from PROGRAM_STATE_STOPPED to PROGRAM_STATE_RUNNING
00:15:32:888 INFO    - Runtime state change: from PROGRAM_STATE_RUNNING to PROGRAM_STATE_STOPPED
00:15:42:904 INFO    - Runtime state change: from PROGRAM_STATE_STOPPED to PROGRAM_STATE_RUNNING
00:15:43:712 INFO    - Runtime state change: from PROGRAM_STATE_STOPPING to PROGRAM_STATE_STOPPED
00:15:43:744 INFO    - Runtime state change: from PROGRAM_STATE_STOPPED to PROGRAM_STATE_RUNNING
00:15:47:120 INFO    - Runtime state change: from PROGRAM_STATE_RUNNING to PROGRAM_STATE_STOPPED
00:15:48:104 INFO    - Runtime state change: from PROGRAM_STATE_STOPPED to PROGRAM_STATE_RUNNING
00:15:48:120 INFO    - Runtime state change: from PROGRAM_STATE_RUNNING to PROGRAM_STATE_STOPPED
00:15:52:696 INFO    - Runtime state change: from PROGRAM_STATE_STOPPED to PROGRAM_STATE_RUNNING
00:15:54:800 INFO    - Runtime state change: from PROGRAM_STATE_RUNNING to PROGRAM_STATE_STOPPED
00:15:55:160 INFO    - Runtime state change: from PROGRAM_STATE_STOPPED to PROGRAM_STATE_RUNNING
00:15:55:776 INFO    - Runtime state change: from PROGRAM_STATE_RUNNING to PROGRAM_STATE_STOPPED
00:15:57:704 INFO    - Runtime state change: from PROGRAM_STATE_STOPPED to PROGRAM_STATE_RUNNING
00:15:58:224 INFO    - Runtime state change: from PROGRAM_STATE_RUNNING to PROGRAM_STATE_STOPPED
00:15:58:816 INFO    - Runtime state change: from PROGRAM_STATE_STOPPED to PROGRAM_STATE_RUNNING
00:15:59:120 INFO    - Runtime state change: from PROGRAM_STATE_RUNNING to PROGRAM_STATE_STOPPED
00:15:59:400 INFO    - Runtime state change: from PROGRAM_STATE_STOPPED to PROGRAM_STATE_RUNNING
00:15:59:560 INFO    - Runtime state change: from PROGRAM_STATE_RUNNING to PROGRAM_STATE_STOPPED
00:16:00:576 INFO    - Runtime state change: from PROGRAM_STATE_STOPPED to PROGRAM_STATE_RUNNING
00:16:01:944 INFO    - Runtime state change: from PROGRAM_STATE_RUNNING to PROGRAM_STATE_STOPPED
00:16:02:296 INFO    - Runtime state change: from PROGRAM_STATE_STOPPED to PROGRAM_STATE_RUNNING
00:16:03:128 INFO    - Runtime state change: from PROGRAM_STATE_RUNNING to PROGRAM_STATE_STOPPED
00:16:03:288 INFO    - Runtime state change: from PROGRAM_STATE_STOPPED to PROGRAM_STATE_RUNNING
00:16:04:216 INFO    - Runtime state change: from PROGRAM_STATE_RUNNING to PROGRAM_STATE_STOPPED
00:16:04:904 INFO    - Runtime state change: from PROGRAM_STATE_STOPPED to PROGRAM_STATE_RUNNING
00:16:08:152 INFO    - Runtime state change: from PROGRAM_STATE_RUNNING to PROGRAM_STATE_STOPPED
00:16:11:816 INFO    - Runtime state change: from PROGRAM_STATE_STOPPED to PROGRAM_STATE_RUNNING
00:16:12:584 INFO    - Runtime state change: from PROGRAM_STATE_RUNNING to PROGRAM_STATE_STOPPED
00:16:13:072 INFO    - Runtime state change: from PROGRAM_STATE_STOPPED to PROGRAM_STATE_RUNNING
00:16:14:896 INFO    - Runtime state change: from PROGRAM_STATE_RUNNING to PROGRAM_STATE_STOPPED
00:16:15:048 INFO    - Runtime state change: from PROGRAM_STATE_STOPPED to PROGRAM_STATE_RUNNING
00:16:15:456 INFO    - Runtime state change: from PROGRAM_STATE_RUNNING to PROGRAM_STATE_STOPPED
00:16:15:648 INFO    - Runtime state change: from PROGRAM_STATE_STOPPED to PROGRAM_STATE_RUNNING
00:16:15:808 INFO    - Runtime state change: from PROGRAM_STATE_RUNNING to PROGRAM_STATE_STOPPED
00:16:16:600 INFO    - Runtime state change: from PROGRAM_STATE_STOPPED to PROGRAM_STATE_RUNNING
00:16:17:024 INFO    - Runtime state change: from PROGRAM_STATE_RUNNING to PROGRAM_STATE_STOPPED
00:16:17:640 INFO    - Runtime state change: from PROGRAM_STATE_STOPPED to PROGRAM_STATE_RUNNING
00:16:17:720 INFO    - Runtime state change: from PROGRAM_STATE_RUNNING to PROGRAM_STATE_STOPPED
00:17:40:720 INFO    - Runtime state change: from PROGRAM_STATE_STOPPED to PROGRAM_STATE_RUNNING
00:17:41:536 INFO    - Runtime state change: from PROGRAM_STATE_RUNNING to PROGRAM_STATE_STOPPED
00:17:42:424 INFO    - Runtime state change: from PROGRAM_STATE_STOPPED to PROGRAM_STATE_RUNNING
00:17:44:216 INFO    - Runtime state change: from PROGRAM_STATE_RUNNING to PROGRAM_STATE_STOPPED
00:17:44:912 INFO    - Runtime state change: from PROGRAM_STATE_STOPPED to PROGRAM_STATE_RUNNING
00:17:46:552 INFO    - Runtime state change: from PROGRAM_STATE_RUNNING to PROGRAM_STATE_STOPPED
00:17:46:928 INFO    - Runtime state change: from PROGRAM_STATE_STOPPED to PROGRAM_STATE_RUNNING
00:17:47:544 INFO    - Runtime state change: from PROGRAM_STATE_RUNNING to PROGRAM_STATE_STOPPED
00:17:48:248 INFO    - Runtime state change: from PROGRAM_STATE_STOPPED to PROGRAM_STATE_RUNNING
00:17:49:664 INFO    - Runtime state change: from PROGRAM_STATE_RUNNING to PROGRAM_STATE_STOPPED
00:17:49:944 INFO    - Runtime state change: from PROGRAM_STATE_STOPPED to PROGRAM_STATE_RUNNING
00:17:50:216 INFO    - Runtime state change: from PROGRAM_STATE_RUNNING to PROGRAM_STATE_STOPPED
00:17:58:912 INFO    - Runtime state change: from PROGRAM_STATE_STOPPED to PROGRAM_STATE_RUNNING
00:17:59:648 INFO    - Runtime state change: from PROGRAM_STATE_RUNNING to PROGRAM_STATE_STOPPED
00:17:59:904 INFO    - Runtime state change: from PROGRAM_STATE_STOPPED to PROGRAM_STATE_RUNNING
00:18:00:504 INFO    - Runtime state change: from PROGRAM_STATE_RUNNING to PROGRAM_STATE_STOPPED
00:18:01:072 INFO    - Runtime state change: from PROGRAM_STATE_STOPPED to PROGRAM_STATE_RUNNING
00:18:01:872 INFO    - Runtime state change: from PROGRAM_STATE_RUNNING to PROGRAM_STATE_STOPPED
00:18:02:320 INFO    - Runtime state change: from PROGRAM_STATE_STOPPED to PROGRAM_STATE_RUNNING
00:18:02:824 INFO    - Runtime state change: from PROGRAM_STATE_RUNNING to PROGRAM_STATE_STOPPED
00:18:03:584 INFO    - Runtime state change: from PROGRAM_STATE_STOPPED to PROGRAM_STATE_RUNNING
00:18:05:248 INFO    - Runtime state change: from PROGRAM_STATE_RUNNING to PROGRAM_STATE_STOPPED
00:18:05:696 INFO    - Runtime state change: from PROGRAM_STATE_STOPPED to PROGRAM_STATE_RUNNING
00:18:06:368 INFO    - Runtime state change: from PROGRAM_STATE_RUNNING to PROGRAM_STATE_STOPPED
00:18:07:984 INFO    - Runtime state change: from PROGRAM_STATE_STOPPED to PROGRAM_STATE_RUNNING
00:18:09:120 INFO    - Runtime state change: from PROGRAM_STATE_RUNNING to PROGRAM_STATE_STOPPED
00:18:09:296 INFO    - Runtime state change: from PROGRAM_STATE_STOPPED to PROGRAM_STATE_RUNNING
00:18:09:904 INFO    - Runtime state change: from PROGRAM_STATE_RUNNING to PROGRAM_STATE_STOPPED
00:18:16:832 INFO    - Runtime state change: from PROGRAM_STATE_STOPPED to PROGRAM_STATE_RUNNING
00:18:17:648 INFO    - Runtime state change: from PROGRAM_STATE_RUNNING to PROGRAM_STATE_STOPPED
00:18:18:536 INFO    - Runtime state change: from PROGRAM_STATE_STOPPED to PROGRAM_STATE_RUNNING
00:18:20:680 INFO    - Runtime state change: from PROGRAM_STATE_RUNNING to PROGRAM_STATE_STOPPED
00:18:27:720 INFO    - Runtime state change: from PROGRAM_STATE_STOPPED to PROGRAM_STATE_RUNNING
00:18:27:808 INFO    - Runtime state change: from PROGRAM_STATE_RUNNING to PROGRAM_STATE_STOPPED
00:18:27:888 INFO    - Runtime state change: from PROGRAM_STATE_STOPPED to PROGRAM_STATE_RUNNING
00:18:27:968 INFO    - Runtime state change: from PROGRAM_STATE_RUNNING to PROGRAM_STATE_STOPPED
00:18:28:048 INFO    - Runtime state change: from PROGRAM_STATE_STOPPED to PROGRAM_STATE_RUNNING
00:18:28:120 INFO    - Runtime state change: from PROGRAM_STATE_RUNNING to PROGRAM_STATE_STOPPED
00:18:28:192 INFO    - Runtime state change: from PROGRAM_STATE_STOPPED to PROGRAM_STATE_RUNNING
00:18:28:272 INFO    - Runtime state change: from PROGRAM_STATE_RUNNING to PROGRAM_STATE_STOPPED
00:18:28:336 INFO    - Runtime state change: from PROGRAM_STATE_STOPPED to PROGRAM_STATE_RUNNING
00:18:29:208 INFO    - Runtime state change: from PROGRAM_STATE_RUNNING to PROGRAM_STATE_STOPPED
00:18:30:048 INFO    - Runtime state change: from PROGRAM_STATE_STOPPED to PROGRAM_STATE_RUNNING
00:18:30:152 INFO    - Runtime state change: from PROGRAM_STATE_RUNNING to PROGRAM_STATE_STOPPED
00:18:30:208 INFO    - Runtime state change: from PROGRAM_STATE_STOPPED to PROGRAM_STATE_RUNNING
00:18:30:304 INFO    - Runtime state change: from PROGRAM_STATE_RUNNING to PROGRAM_STATE_STOPPED
00:18:30:536 INFO    - Runtime state change: from PROGRAM_STATE_STOPPED to PROGRAM_STATE_RUNNING
00:18:30:624 INFO    - Runtime state change: from PROGRAM_STATE_RUNNING to PROGRAM_STATE_STOPPED
00:18:31:128 INFO    - Runtime state change: from PROGRAM_STATE_STOPPED to PROGRAM_STATE_RUNNING
00:18:31:232 INFO    - Runtime state change: from PROGRAM_STATE_RUNNING to PROGRAM_STATE_STOPPED
00:18:31:584 INFO    - Runtime state change: from PROGRAM_STATE_STOPPED to PROGRAM_STATE_RUNNING
00:18:31:664 INFO    - Runtime state change: from PROGRAM_STATE_RUNNING to PROGRAM_STATE_STOPPED
00:18:31:752 INFO    - Runtime state change: from PROGRAM_STATE_STOPPED to PROGRAM_STATE_RUNNING
00:18:31:856 INFO    - Runtime state change: from PROGRAM_STATE_RUNNING to PROGRAM_STATE_STOPPED
00:18:32:256 INFO    - Runtime state change: from PROGRAM_STATE_STOPPED to PROGRAM_STATE_RUNNING
00:18:32:312 INFO    - Runtime state change: from PROGRAM_STATE_STOPPED to PROGRAM_STATE_RUNNING
00:18:32:320 INFO    - Runtime state change: from PROGRAM_STATE_RUNNING to PROGRAM_STATE_STOPPED
00:18:33:200 INFO    - Runtime state change: from PROGRAM_STATE_STOPPED to PROGRAM_STATE_RUNNING
00:18:33:920 INFO    - Runtime state change: from PROGRAM_STATE_RUNNING to PROGRAM_STATE_STOPPED
00:18:34:368 INFO    - Runtime state change: from PROGRAM_STATE_STOPPED to PROGRAM_STATE_RUNNING
00:18:38:560 INFO    - Runtime state change: from PROGRAM_STATE_RUNNING to PROGRAM_STATE_STOPPED
00:18:39:016 INFO    - Runtime state change: from PROGRAM_STATE_STOPPED to PROGRAM_STATE_RUNNING
00:18:39:696 INFO    - Runtime state change: from PROGRAM_STATE_RUNNING to PROGRAM_STATE_STOPPED
00:18:40:984 INFO    - Runtime state change: from PROGRAM_STATE_STOPPED to PROGRAM_STATE_RUNNING
00:18:41:584 INFO    - Runtime state change: from PROGRAM_STATE_RUNNING to PROGRAM_STATE_STOPPED
00:18:41:816 INFO    - Runtime state change: from PROGRAM_STATE_STOPPED to PROGRAM_STATE_RUNNING
00:18:42:200 INFO    - Runtime state change: from PROGRAM_STATE_RUNNING to PROGRAM_STATE_STOPPED
00:18:42:672 INFO    - Runtime state change: from PROGRAM_STATE_STOPPED to PROGRAM_STATE_RUNNING
00:18:43:456 INFO    - Runtime state change: from PROGRAM_STATE_RUNNING to PROGRAM_STATE_STOPPED
00:18:43:624 INFO    - Runtime state change: from PROGRAM_STATE_STOPPED to PROGRAM_STATE_RUNNING
00:18:44:288 INFO    - Runtime state change: from PROGRAM_STATE_RUNNING to PROGRAM_STATE_STOPPED
00:18:44:728 INFO    - Runtime state change: from PROGRAM_STATE_STOPPED to PROGRAM_STATE_RUNNING
00:18:45:080 INFO    - Runtime state change: from PROGRAM_STATE_RUNNING to PROGRAM_STATE_STOPPED
00:19:04:456 INFO    - Runtime state change: from PROGRAM_STATE_STOPPED to PROGRAM_STATE_RUNNING
00:19:05:096 INFO    - Runtime state change: from PROGRAM_STATE_RUNNING to PROGRAM_STATE_STOPPED
00:19:05:864 INFO    - Runtime state change: from PROGRAM_STATE_STOPPED to PROGRAM_STATE_RUNNING
00:19:06:744 INFO    - Runtime state change: from PROGRAM_STATE_RUNNING to PROGRAM_STATE_STOPPED
00:19:07:496 INFO    - Runtime state change: from PROGRAM_STATE_STOPPED to PROGRAM_STATE_RUNNING
00:19:08:592 INFO    - Runtime state change: from PROGRAM_STATE_RUNNING to PROGRAM_STATE_STOPPED
00:19:10:296 INFO    - Runtime state change: from PROGRAM_STATE_STOPPED to PROGRAM_STATE_RUNNING
00:19:13:208 INFO    - Runtime state change: from PROGRAM_STATE_RUNNING to PROGRAM_STATE_STOPPED
00:19:48:208 INFO    - Runtime state change: from PROGRAM_STATE_STOPPED to PROGRAM_STATE_RUNNING
00:19:48:896 INFO    - Runtime state change: from PROGRAM_STATE_RUNNING to PROGRAM_STATE_STOPPED
00:19:49:368 INFO    - Runtime state change: from PROGRAM_STATE_STOPPED to PROGRAM_STATE_RUNNING
00:19:49:824 INFO    - Runtime state change: from PROGRAM_STATE_RUNNING to PROGRAM_STATE_STOPPED
00:19:50:112 INFO    - Runtime state change: from PROGRAM_STATE_STOPPED to PROGRAM_STATE_RUNNING
00:19:50:200 INFO    - Runtime state change: from PROGRAM_STATE_RUNNING to PROGRAM_STATE_STOPPED
00:19:51:680 INFO    - Runtime state change: from PROGRAM_STATE_STOPPED to PROGRAM_STATE_RUNNING
00:19:52:272 INFO    - Runtime state change: from PROGRAM_STATE_RUNNING to PROGRAM_STATE_STOPPED
00:19:53:600 INFO    - Runtime state change: from PROGRAM_STATE_STOPPED to PROGRAM_STATE_RUNNING
00:19:54:280 INFO    - Runtime state change: from PROGRAM_STATE_RUNNING to PROGRAM_STATE_STOPPED
00:19:54:520 INFO    - Runtime state change: from PROGRAM_STATE_STOPPED to PROGRAM_STATE_RUNNING
00:19:54:872 INFO    - Runtime state change: from PROGRAM_STATE_RUNNING to PROGRAM_STATE_STOPPED
00:19:55:656 INFO    - Runtime state change: from PROGRAM_STATE_STOPPED to PROGRAM_STATE_RUNNING
00:19:55:744 INFO    - Runtime state change: from PROGRAM_STATE_RUNNING to PROGRAM_STATE_STOPPED
00:19:58:080 INFO    - Runtime state change: from PROGRAM_STATE_STOPPED to PROGRAM_STATE_RUNNING
00:19:59:056 INFO    - Runtime state change: from PROGRAM_STATE_RUNNING to PROGRAM_STATE_STOPPED
00:19:59:632 INFO    - Runtime state change: from PROGRAM_STATE_STOPPED to PROGRAM_STATE_RUNNING
00:19:59:984 INFO    - Runtime state change: from PROGRAM_STATE_RUNNING to PROGRAM_STATE_STOPPED
00:20:00:408 INFO    - Runtime state change: from PROGRAM_STATE_STOPPED to PROGRAM_STATE_RUNNING
00:20:01:160 INFO    - Runtime state change: from PROGRAM_STATE_RUNNING to PROGRAM_STATE_STOPPED
00:20:03:376 INFO    - Runtime state change: from PROGRAM_STATE_STOPPED to PROGRAM_STATE_RUNNING
00:20:04:288 INFO    - Runtime state change: from PROGRAM_STATE_RUNNING to PROGRAM_STATE_STOPPED
00:20:06:024 INFO    - Runtime state change: from PROGRAM_STATE_STOPPED to PROGRAM_STATE_RUNNING
00:20:06:576 INFO    - Runtime state change: from PROGRAM_STATE_RUNNING to PROGRAM_STATE_STOPPED
00:20:06:872 INFO    - Runtime state change: from PROGRAM_STATE_STOPPED to PROGRAM_STATE_RUNNING
00:20:07:272 INFO    - Runtime state change: from PROGRAM_STATE_RUNNING to PROGRAM_STATE_STOPPED
00:20:07:888 INFO    - Runtime state change: from PROGRAM_STATE_STOPPED to PROGRAM_STATE_RUNNING
00:20:08:664 INFO    - Runtime state change: from PROGRAM_STATE_RUNNING to PROGRAM_STATE_STOPPED
00:20:09:400 INFO    - Runtime state change: from PROGRAM_STATE_STOPPED to PROGRAM_STATE_RUNNING
00:20:10:544 INFO    - Runtime state change: from PROGRAM_STATE_RUNNING to PROGRAM_STATE_STOPPED
00:20:11:416 INFO    - Runtime state change: from PROGRAM_STATE_STOPPED to PROGRAM_STATE_RUNNING
00:20:11:984 INFO    - Runtime state change: from PROGRAM_STATE_RUNNING to PROGRAM_STATE_STOPPED
00:20:12:664 INFO    - Runtime state change: from PROGRAM_STATE_STOPPED to PROGRAM_STATE_RUNNING
00:20:13:016 INFO    - Runtime state change: from PROGRAM_STATE_RUNNING to PROGRAM_STATE_STOPPED
00:20:14:744 INFO    - Runtime state change: from PROGRAM_STATE_STOPPED to PROGRAM_STATE_RUNNING
00:20:16:208 INFO    - Runtime state change: from PROGRAM_STATE_RUNNING to PROGRAM_STATE_STOPPED
00:20:16:376 INFO    - Runtime state change: from PROGRAM_STATE_STOPPED to PROGRAM_STATE_RUNNING
00:20:17:352 INFO    - Runtime state change: from PROGRAM_STATE_RUNNING to PROGRAM_STATE_STOPPED
00:20:36:744 INFO    - Runtime state change: from PROGRAM_STATE_STOPPED to PROGRAM_STATE_RUNNING
00:20:37:392 INFO    - Runtime state change: from PROGRAM_STATE_RUNNING to PROGRAM_STATE_STOPPED
00:20:38:000 INFO    - Runtime state change: from PROGRAM_STATE_STOPPED to PROGRAM_STATE_RUNNING
00:20:38:568 INFO    - Runtime state change: from PROGRAM_STATE_RUNNING to PROGRAM_STATE_STOPPED
00:20:57:624 INFO    - Runtime state change: from PROGRAM_STATE_STOPPED to PROGRAM_STATE_RUNNING
00:20:58:256 INFO    - Runtime state change: from PROGRAM_STATE_RUNNING to PROGRAM_STATE_STOPPED
00:20:58:688 INFO    - Runtime state change: from PROGRAM_STATE_STOPPED to PROGRAM_STATE_RUNNING
00:20:59:792 INFO    - Runtime state change: from PROGRAM_STATE_RUNNING to PROGRAM_STATE_STOPPED
00:21:00:016 INFO    - Runtime state change: from PROGRAM_STATE_STOPPED to PROGRAM_STATE_RUNNING
00:21:00:544 INFO    - Runtime state change: from PROGRAM_STATE_RUNNING to PROGRAM_STATE_STOPPED
00:21:00:840 INFO    - Runtime state change: from PROGRAM_STATE_STOPPED to PROGRAM_STATE_RUNNING
00:21:01:464 INFO    - Runtime state change: from PROGRAM_STATE_RUNNING to PROGRAM_STATE_STOPPED
00:21:05:912 INFO    - Runtime state change: from PROGRAM_STATE_STOPPED to PROGRAM_STATE_RUNNING
00:21:07:552 INFO    - Runtime state change: from PROGRAM_STATE_RUNNING to PROGRAM_STATE_STOPPED
00:21:22:448 INFO    - Runtime state change: from PROGRAM_STATE_STOPPED to PROGRAM_STATE_RUNNING
00:21:24:160 INFO    - Runtime state change: from PROGRAM_STATE_RUNNING to PROGRAM_STATE_STOPPED
00:21:24:968 INFO    - Runtime state change: from PROGRAM_STATE_STOPPED to PROGRAM_STATE_RUNNING
00:21:25:904 INFO    - Runtime state change: from PROGRAM_STATE_RUNNING to PROGRAM_STATE_STOPPED
00:21:26:192 INFO    - Runtime state change: from PROGRAM_STATE_STOPPED to PROGRAM_STATE_RUNNING
00:21:28:488 INFO    - Runtime state change: from PROGRAM_STATE_RUNNING to PROGRAM_STATE_STOPPED
00:21:34:776 INFO    - Runtime state change: from PROGRAM_STATE_STOPPED to PROGRAM_STATE_RUNNING
00:21:35:624 INFO    - Runtime state change: from PROGRAM_STATE_RUNNING to PROGRAM_STATE_STOPPED
00:21:35:880 INFO    - Runtime state change: from PROGRAM_STATE_STOPPED to PROGRAM_STATE_RUNNING
00:21:36:424 INFO    - Runtime state change: from PROGRAM_STATE_RUNNING to PROGRAM_STATE_STOPPED
00:21:36:672 INFO    - Runtime state change: from PROGRAM_STATE_STOPPED to PROGRAM_STATE_RUNNING
00:21:36:784 INFO    - Runtime state change: from PROGRAM_STATE_RUNNING to PROGRAM_STATE_STOPPED
00:21:36:816 INFO    - Runtime state change: from PROGRAM_STATE_STOPPED to PROGRAM_STATE_RUNNING
00:21:36:984 INFO    - Runtime state change: from PROGRAM_STATE_RUNNING to PROGRAM_STATE_STOPPING
00:21:37:024 INFO    - Runtime state change: from PROGRAM_STATE_STOPPING to PROGRAM_STATE_STOPPED
00:21:37:720 INFO    - Runtime state change: from PROGRAM_STATE_STOPPED to PROGRAM_STATE_RUNNING
00:21:37:736 INFO    - Runtime state change: from PROGRAM_STATE_RUNNING to PROGRAM_STATE_STOPPED
00:21:38:112 INFO    - Runtime state change: from PROGRAM_STATE_STOPPED to PROGRAM_STATE_RUNNING
00:21:38:840 INFO    - Runtime state change: from PROGRAM_STATE_RUNNING to PROGRAM_STATE_STOPPED
00:21:39:432 INFO    - Runtime state change: from PROGRAM_STATE_STOPPED to PROGRAM_STATE_RUNNING
00:21:40:200 INFO    - Runtime state change: from PROGRAM_STATE_RUNNING to PROGRAM_STATE_STOPPED
00:21:40:864 INFO    - Runtime state change: from PROGRAM_STATE_STOPPED to PROGRAM_STATE_RUNNING
00:21:43:184 INFO    - Runtime state change: from PROGRAM_STATE_RUNNING to PROGRAM_STATE_STOPPED
00:21:43:344 INFO    - Runtime state change: from PROGRAM_STATE_STOPPED to PROGRAM_STATE_RUNNING
00:21:44:024 INFO    - Runtime state change: from PROGRAM_STATE_RUNNING to PROGRAM_STATE_STOPPED
00:21:47:064 INFO    - Runtime state change: from PROGRAM_STATE_STOPPED to PROGRAM_STATE_RUNNING
00:21:47:224 INFO    - Runtime state change: from PROGRAM_STATE_RUNNING to PROGRAM_STATE_STOPPED
00:21:49:312 INFO    - Runtime state change: from PROGRAM_STATE_STOPPED to PROGRAM_STATE_RUNNING
00:21:49:864 INFO    - Runtime state change: from PROGRAM_STATE_RUNNING to PROGRAM_STATE_STOPPED
00:21:50:032 INFO    - Runtime state change: from PROGRAM_STATE_STOPPED to PROGRAM_STATE_RUNNING
00:21:51:160 INFO    - Runtime state change: from PROGRAM_STATE_RUNNING to PROGRAM_STATE_STOPPED
00:22:22:160 INFO    - Runtime state change: from PROGRAM_STATE_STOPPED to PROGRAM_STATE_RUNNING
00:22:26:016 INFO    - Runtime state change: from PROGRAM_STATE_RUNNING to PROGRAM_STATE_STOPPED
